[47436:33892:0326/105641.690:WARNING:t_skinfilemap.cpp(56)] SGRenderLog:CheckUpdate newMem.OpenMem failed, szNewMem:Local\sgime_skin.v8.filemap.sogouime err:系统错误2: 系统找不到指定的文件。  
打开Filemap失败: Local\sgime_skin.v8.filemap.sogouime194873486a7
[47436:33892:0326/105641.692:WARNING:t_skinfilemap.cpp(65)] SGRenderLog:CheckUpdate finish: old version:1
[47436:33892:0326/105641.692:WARNING:t_skinfilemap.cpp(67)] SGRenderLog:CheckUpdate finish: new version:8
[47436:33892:0326/105641.932:WARNING:t_skinfilemap.cpp(63)] SGRenderLog:CheckUpdate newMem.OpenMem Suc, szNewMem:Local\sgime_skin.Dpi144.v8.filemap.sogouime
[47436:33892:0326/105641.932:WARNING:t_skinfilemap.cpp(65)] SGRenderLog:CheckUpdate finish: old version:8
[47436:33892:0326/105641.932:WARNING:t_skinfilemap.cpp(67)] SGRenderLog:CheckUpdate finish: new version:8
[47436:64088:0326/105720.301:WARNING:t_skinfilemap.cpp(63)] SGRenderLog:CheckUpdate newMem.OpenMem Suc, szNewMem:Local\sgime_skin.Dpi144.v8.filemap.sogouime
[47436:64088:0326/105720.301:WARNING:t_skinfilemap.cpp(65)] SGRenderLog:CheckUpdate finish: old version:1
[47436:64088:0326/105720.301:WARNING:t_skinfilemap.cpp(67)] SGRenderLog:CheckUpdate finish: new version:8
[47436:64088:0326/105720.392:WARNING:t_skinfilemap.cpp(63)] SGRenderLog:CheckUpdate newMem.OpenMem Suc, szNewMem:Local\sgime_skin.Dpi144.v8.filemap.sogouime
[47436:64088:0326/105720.392:WARNING:t_skinfilemap.cpp(65)] SGRenderLog:CheckUpdate finish: old version:8
[47436:64088:0326/105720.392:WARNING:t_skinfilemap.cpp(67)] SGRenderLog:CheckUpdate finish: new version:8
[47436:64088:0326/105720.431:WARNING:t_skinfilemap.cpp(63)] SGRenderLog:CheckUpdate newMem.OpenMem Suc, szNewMem:Local\sgime_skin.Dpi144.v8.filemap.sogouime
[47436:64088:0326/105720.431:WARNING:t_skinfilemap.cpp(65)] SGRenderLog:CheckUpdate finish: old version:8
[47436:64088:0326/105720.431:WARNING:t_skinfilemap.cpp(67)] SGRenderLog:CheckUpdate finish: new version:8
[47436:58268:0326/105725.904:WARNING:t_skinfilemap.cpp(63)] SGRenderLog:CheckUpdate newMem.OpenMem Suc, szNewMem:Local\sgime_skin.Dpi144.v8.filemap.sogouime
[47436:58268:0326/105725.904:WARNING:t_skinfilemap.cpp(65)] SGRenderLog:CheckUpdate finish: old version:1
[47436:58268:0326/105725.904:WARNING:t_skinfilemap.cpp(67)] SGRenderLog:CheckUpdate finish: new version:8
[47436:58268:0326/105726.145:WARNING:t_skinfilemap.cpp(63)] SGRenderLog:CheckUpdate newMem.OpenMem Suc, szNewMem:Local\sgime_skin.Dpi144.v8.filemap.sogouime
[47436:58268:0326/105726.145:WARNING:t_skinfilemap.cpp(65)] SGRenderLog:CheckUpdate finish: old version:8
[47436:58268:0326/105726.145:WARNING:t_skinfilemap.cpp(67)] SGRenderLog:CheckUpdate finish: new version:8
[47436:58268:0326/105726.199:WARNING:t_skinfilemap.cpp(63)] SGRenderLog:CheckUpdate newMem.OpenMem Suc, szNewMem:Local\sgime_skin.Dpi144.v8.filemap.sogouime
[47436:58268:0326/105726.199:WARNING:t_skinfilemap.cpp(65)] SGRenderLog:CheckUpdate finish: old version:8
[47436:58268:0326/105726.199:WARNING:t_skinfilemap.cpp(67)] SGRenderLog:CheckUpdate finish: new version:8
[52136:43032:0326/181032.889:WARNING:t_skinfilemap.cpp(56)] SGRenderLog:CheckUpdate newMem.OpenMem failed, szNewMem:Local\sgime_skin.v8.filemap.sogouime err:系统错误2: 系统找不到指定的文件。  
打开Filemap失败: Local\sgime_skin.v8.filemap.sogouime194873486a7
[52136:43032:0326/181032.890:WARNING:t_skinfilemap.cpp(65)] SGRenderLog:CheckUpdate finish: old version:1
[52136:43032:0326/181032.890:WARNING:t_skinfilemap.cpp(67)] SGRenderLog:CheckUpdate finish: new version:8
[52136:43032:0326/181033.089:WARNING:t_skinfilemap.cpp(63)] SGRenderLog:CheckUpdate newMem.OpenMem Suc, szNewMem:Local\sgime_skin.Dpi144.v8.filemap.sogouime
[52136:43032:0326/181033.089:WARNING:t_skinfilemap.cpp(65)] SGRenderLog:CheckUpdate finish: old version:8
[52136:43032:0326/181033.089:WARNING:t_skinfilemap.cpp(67)] SGRenderLog:CheckUpdate finish: new version:8
[92964:88648:0326/181053.158:WARNING:t_skinfilemap.cpp(56)] SGRenderLog:CheckUpdate newMem.OpenMem failed, szNewMem:Local\sgime_skin.v8.filemap.sogouime err:系统错误2: 系统找不到指定的文件。  
打开Filemap失败: Local\sgime_skin.v8.filemap.sogouime194873486a7
[92964:88648:0326/181053.160:WARNING:t_skinfilemap.cpp(65)] SGRenderLog:CheckUpdate finish: old version:1
[92964:88648:0326/181053.160:WARNING:t_skinfilemap.cpp(67)] SGRenderLog:CheckUpdate finish: new version:8
[92964:88648:0326/181053.361:WARNING:t_skinfilemap.cpp(63)] SGRenderLog:CheckUpdate newMem.OpenMem Suc, szNewMem:Local\sgime_skin.Dpi144.v8.filemap.sogouime
[92964:88648:0326/181053.361:WARNING:t_skinfilemap.cpp(65)] SGRenderLog:CheckUpdate finish: old version:8
[92964:88648:0326/181053.361:WARNING:t_skinfilemap.cpp(67)] SGRenderLog:CheckUpdate finish: new version:8
[13416:12616:0327/003349.550:WARNING:t_skinfilemap.cpp(56)] SGRenderLog:CheckUpdate newMem.OpenMem failed, szNewMem:Local\sgime_skin.v9.filemap.sogouime err:系统错误2: 系统找不到指定的文件。  
打开Filemap失败: Local\sgime_skin.v9.filemap.sogouime194873486a7
[13416:12616:0327/003349.551:WARNING:t_skinfilemap.cpp(65)] SGRenderLog:CheckUpdate finish: old version:1
[13416:12616:0327/003349.551:WARNING:t_skinfilemap.cpp(67)] SGRenderLog:CheckUpdate finish: new version:9
[13416:12616:0327/003349.721:WARNING:t_skinfilemap.cpp(63)] SGRenderLog:CheckUpdate newMem.OpenMem Suc, szNewMem:Local\sgime_skin.Dpi144.v9.filemap.sogouime
[13416:12616:0327/003349.721:WARNING:t_skinfilemap.cpp(65)] SGRenderLog:CheckUpdate finish: old version:9
[13416:12616:0327/003349.721:WARNING:t_skinfilemap.cpp(67)] SGRenderLog:CheckUpdate finish: new version:9
